[26-Jan-2020 01:48:07 UTC] PHP Notice:  Undefined index: post in C:\xampp\htdocs\AppsFlyer.test\wp-content\themes\appsflyertest\functions.php on line 47
[26-Jan-2020 01:48:07 UTC] PHP Notice:  Undefined index: post_ID in C:\xampp\htdocs\AppsFlyer.test\wp-content\themes\appsflyertest\functions.php on line 47
[26-Jan-2020 01:48:12 UTC] PHP Notice:  Undefined index: post in C:\xampp\htdocs\AppsFlyer.test\wp-content\themes\appsflyertest\functions.php on line 47
[26-Jan-2020 01:48:12 UTC] PHP Notice:  Undefined index: post_ID in C:\xampp\htdocs\AppsFlyer.test\wp-content\themes\appsflyertest\functions.php on line 47
[26-Jan-2020 01:48:13 UTC] PHP Notice:  Undefined index: post in C:\xampp\htdocs\AppsFlyer.test\wp-content\themes\appsflyertest\functions.php on line 47
[26-Jan-2020 01:48:13 UTC] PHP Notice:  Undefined index: post_ID in C:\xampp\htdocs\AppsFlyer.test\wp-content\themes\appsflyertest\functions.php on line 47
[26-Jan-2020 01:48:18 UTC] PHP Notice:  Undefined index: post in C:\xampp\htdocs\AppsFlyer.test\wp-content\themes\appsflyertest\functions.php on line 47
[26-Jan-2020 01:48:18 UTC] PHP Notice:  Undefined index: post_ID in C:\xampp\htdocs\AppsFlyer.test\wp-content\themes\appsflyertest\functions.php on line 47
[26-Jan-2020 01:49:16 UTC] PHP Notice:  Undefined index: post in C:\xampp\htdocs\AppsFlyer.test\wp-content\themes\appsflyertest\functions.php on line 47
[26-Jan-2020 01:49:16 UTC] PHP Notice:  Undefined index: post_ID in C:\xampp\htdocs\AppsFlyer.test\wp-content\themes\appsflyertest\functions.php on line 47
[26-Jan-2020 01:51:05 UTC] PHP Warning:  call_user_func_array() expects parameter 1 to be a valid callback, function 'hide_editor' not found or invalid function name in C:\xampp\htdocs\AppsFlyer.test\wp-includes\class-wp-hook.php on line 288
[26-Jan-2020 01:52:05 UTC] PHP Warning:  call_user_func_array() expects parameter 1 to be a valid callback, function 'hide_editor' not found or invalid function name in C:\xampp\htdocs\AppsFlyer.test\wp-includes\class-wp-hook.php on line 288
[26-Jan-2020 01:53:06 UTC] PHP Warning:  call_user_func_array() expects parameter 1 to be a valid callback, function 'hide_editor' not found or invalid function name in C:\xampp\htdocs\AppsFlyer.test\wp-includes\class-wp-hook.php on line 288
[26-Jan-2020 01:54:07 UTC] PHP Warning:  call_user_func_array() expects parameter 1 to be a valid callback, function 'hide_editor' not found or invalid function name in C:\xampp\htdocs\AppsFlyer.test\wp-includes\class-wp-hook.php on line 288
[26-Jan-2020 01:55:18 UTC] PHP Warning:  call_user_func_array() expects parameter 1 to be a valid callback, function 'hide_editor' not found or invalid function name in C:\xampp\htdocs\AppsFlyer.test\wp-includes\class-wp-hook.php on line 288
[26-Jan-2020 01:55:22 UTC] PHP Warning:  call_user_func_array() expects parameter 1 to be a valid callback, function 'hide_editor' not found or invalid function name in C:\xampp\htdocs\AppsFlyer.test\wp-includes\class-wp-hook.php on line 288
[26-Jan-2020 01:56:23 UTC] PHP Warning:  call_user_func_array() expects parameter 1 to be a valid callback, function 'hide_editor' not found or invalid function name in C:\xampp\htdocs\AppsFlyer.test\wp-includes\class-wp-hook.php on line 288
[26-Jan-2020 02:37:05 UTC] PHP Warning:  call_user_func_array() expects parameter 1 to be a valid callback, function 'hide_editor' not found or invalid function name in C:\xampp\htdocs\AppsFlyer.test\wp-includes\class-wp-hook.php on line 288
[26-Jan-2020 02:39:45 UTC] PHP Warning:  call_user_func_array() expects parameter 1 to be a valid callback, function 'hide_editor' not found or invalid function name in C:\xampp\htdocs\AppsFlyer.test\wp-includes\class-wp-hook.php on line 288
[26-Jan-2020 02:39:47 UTC] PHP Warning:  call_user_func_array() expects parameter 1 to be a valid callback, function 'hide_editor' not found or invalid function name in C:\xampp\htdocs\AppsFlyer.test\wp-includes\class-wp-hook.php on line 288
[26-Jan-2020 02:40:14 UTC] PHP Warning:  call_user_func_array() expects parameter 1 to be a valid callback, function 'hide_editor' not found or invalid function name in C:\xampp\htdocs\AppsFlyer.test\wp-includes\class-wp-hook.php on line 288
[26-Jan-2020 02:40:26 UTC] PHP Warning:  call_user_func_array() expects parameter 1 to be a valid callback, function 'hide_editor' not found or invalid function name in C:\xampp\htdocs\AppsFlyer.test\wp-includes\class-wp-hook.php on line 288
[26-Jan-2020 02:40:46 UTC] PHP Warning:  call_user_func_array() expects parameter 1 to be a valid callback, function 'hide_editor' not found or invalid function name in C:\xampp\htdocs\AppsFlyer.test\wp-includes\class-wp-hook.php on line 288
[26-Jan-2020 02:41:13 UTC] PHP Warning:  call_user_func_array() expects parameter 1 to be a valid callback, function 'hide_editor' not found or invalid function name in C:\xampp\htdocs\AppsFlyer.test\wp-includes\class-wp-hook.php on line 288
[26-Jan-2020 02:42:27 UTC] PHP Warning:  call_user_func_array() expects parameter 1 to be a valid callback, function 'hide_editor' not found or invalid function name in C:\xampp\htdocs\AppsFlyer.test\wp-includes\class-wp-hook.php on line 288
[26-Jan-2020 02:45:46 UTC] PHP Warning:  call_user_func_array() expects parameter 1 to be a valid callback, function 'hide_editor' not found or invalid function name in C:\xampp\htdocs\AppsFlyer.test\wp-includes\class-wp-hook.php on line 288
[26-Jan-2020 02:47:28 UTC] PHP Warning:  call_user_func_array() expects parameter 1 to be a valid callback, function 'hide_editor' not found or invalid function name in C:\xampp\htdocs\AppsFlyer.test\wp-includes\class-wp-hook.php on line 288
[26-Jan-2020 02:47:32 UTC] PHP Warning:  call_user_func_array() expects parameter 1 to be a valid callback, function 'hide_editor' not found or invalid function name in C:\xampp\htdocs\AppsFlyer.test\wp-includes\class-wp-hook.php on line 288
[26-Jan-2020 02:47:33 UTC] PHP Warning:  call_user_func_array() expects parameter 1 to be a valid callback, function 'hide_editor' not found or invalid function name in C:\xampp\htdocs\AppsFlyer.test\wp-includes\class-wp-hook.php on line 288
[26-Jan-2020 02:47:34 UTC] PHP Warning:  call_user_func_array() expects parameter 1 to be a valid callback, function 'hide_editor' not found or invalid function name in C:\xampp\htdocs\AppsFlyer.test\wp-includes\class-wp-hook.php on line 288
[26-Jan-2020 02:47:34 UTC] PHP Warning:  call_user_func_array() expects parameter 1 to be a valid callback, function 'hide_editor' not found or invalid function name in C:\xampp\htdocs\AppsFlyer.test\wp-includes\class-wp-hook.php on line 288
[26-Jan-2020 02:47:35 UTC] PHP Warning:  call_user_func_array() expects parameter 1 to be a valid callback, function 'hide_editor' not found or invalid function name in C:\xampp\htdocs\AppsFlyer.test\wp-includes\class-wp-hook.php on line 288
[26-Jan-2020 02:47:36 UTC] PHP Warning:  call_user_func_array() expects parameter 1 to be a valid callback, function 'hide_editor' not found or invalid function name in C:\xampp\htdocs\AppsFlyer.test\wp-includes\class-wp-hook.php on line 288
[26-Jan-2020 02:47:36 UTC] PHP Warning:  call_user_func_array() expects parameter 1 to be a valid callback, function 'hide_editor' not found or invalid function name in C:\xampp\htdocs\AppsFlyer.test\wp-includes\class-wp-hook.php on line 288
[26-Jan-2020 02:47:37 UTC] PHP Warning:  call_user_func_array() expects parameter 1 to be a valid callback, function 'hide_editor' not found or invalid function name in C:\xampp\htdocs\AppsFlyer.test\wp-includes\class-wp-hook.php on line 288
[26-Jan-2020 02:47:38 UTC] PHP Warning:  call_user_func_array() expects parameter 1 to be a valid callback, function 'hide_editor' not found or invalid function name in C:\xampp\htdocs\AppsFlyer.test\wp-includes\class-wp-hook.php on line 288
[26-Jan-2020 02:47:39 UTC] PHP Warning:  call_user_func_array() expects parameter 1 to be a valid callback, function 'hide_editor' not found or invalid function name in C:\xampp\htdocs\AppsFlyer.test\wp-includes\class-wp-hook.php on line 288
[26-Jan-2020 02:55:15 UTC] PHP Warning:  call_user_func_array() expects parameter 1 to be a valid callback, function 'hide_editor' not found or invalid function name in C:\xampp\htdocs\AppsFlyer.test\wp-includes\class-wp-hook.php on line 288
[26-Jan-2020 03:04:12 UTC] PHP Warning:  call_user_func_array() expects parameter 1 to be a valid callback, function 'hide_editor' not found or invalid function name in C:\xampp\htdocs\AppsFlyer.test\wp-includes\class-wp-hook.php on line 288
[26-Jan-2020 03:04:15 UTC] PHP Warning:  call_user_func_array() expects parameter 1 to be a valid callback, function 'hide_editor' not found or invalid function name in C:\xampp\htdocs\AppsFlyer.test\wp-includes\class-wp-hook.php on line 288
[26-Jan-2020 03:04:58 UTC] PHP Warning:  call_user_func_array() expects parameter 1 to be a valid callback, function 'hide_editor' not found or invalid function name in C:\xampp\htdocs\AppsFlyer.test\wp-includes\class-wp-hook.php on line 288
[26-Jan-2020 03:05:02 UTC] PHP Warning:  call_user_func_array() expects parameter 1 to be a valid callback, function 'hide_editor' not found or invalid function name in C:\xampp\htdocs\AppsFlyer.test\wp-includes\class-wp-hook.php on line 288
[26-Jan-2020 03:05:05 UTC] PHP Warning:  call_user_func_array() expects parameter 1 to be a valid callback, function 'hide_editor' not found or invalid function name in C:\xampp\htdocs\AppsFlyer.test\wp-includes\class-wp-hook.php on line 288
[26-Jan-2020 03:05:28 UTC] PHP Warning:  call_user_func_array() expects parameter 1 to be a valid callback, function 'hide_editor' not found or invalid function name in C:\xampp\htdocs\AppsFlyer.test\wp-includes\class-wp-hook.php on line 288
[26-Jan-2020 03:05:41 UTC] PHP Warning:  call_user_func_array() expects parameter 1 to be a valid callback, function 'hide_editor' not found or invalid function name in C:\xampp\htdocs\AppsFlyer.test\wp-includes\class-wp-hook.php on line 288
[26-Jan-2020 03:05:51 UTC] PHP Warning:  call_user_func_array() expects parameter 1 to be a valid callback, function 'hide_editor' not found or invalid function name in C:\xampp\htdocs\AppsFlyer.test\wp-includes\class-wp-hook.php on line 288
[26-Jan-2020 03:05:55 UTC] PHP Warning:  call_user_func_array() expects parameter 1 to be a valid callback, function 'hide_editor' not found or invalid function name in C:\xampp\htdocs\AppsFlyer.test\wp-includes\class-wp-hook.php on line 288
[26-Jan-2020 03:07:59 UTC] PHP Warning:  call_user_func_array() expects parameter 1 to be a valid callback, function 'hide_editor' not found or invalid function name in C:\xampp\htdocs\AppsFlyer.test\wp-includes\class-wp-hook.php on line 288
[26-Jan-2020 03:08:03 UTC] PHP Warning:  call_user_func_array() expects parameter 1 to be a valid callback, function 'hide_editor' not found or invalid function name in C:\xampp\htdocs\AppsFlyer.test\wp-includes\class-wp-hook.php on line 288
[26-Jan-2020 19:13:19 UTC] WordPress database error Table 'apt_demoform' already exists for query CREATE TABLE apt_demoform (
                    id INT(12) NOT NULL AUTO_INCREMENT,
                    first_name CHAR(20) NOT NULL,
                    last_name CHAR(20) NOT NULL,
                    business_email VARCHAR(255) NOT NULL,
                    company_name CHAR(30) NOT NULL,
                    company_website VARCHAR(255) NOT NULL,
                    company_profile VARCHAR(255) NOT NULL,
                    country CHAR(20) NOT NULL,
                    phone_number VARCHAR(255),
					 UNIQUE KEY id (id)) made by require('wp-blog-header.php'), require_once('wp-load.php'), require_once('wp-config.php'), require_once('wp-settings.php'), do_action('init'), WP_Hook->do_action, WP_Hook->apply_filters, add_demo_tabel, dbDelta
